<?xml version="1.0" encoding="UTF-8"?>
<testng-results ignored="0" total="1" passed="1" failed="0" skipped="0">
  <reporter-output>
  </reporter-output>
  <suite started-at="2021-04-19T09:05:50 IST" name="Default suite" finished-at="2021-04-19T09:06:51 IST" duration-ms="61251">
    <groups>
    </groups>
    <test started-at="2021-04-19T09:05:50 IST" name="Default test" finished-at="2021-04-19T09:06:51 IST" duration-ms="61251">
      <class name="com.shop.testcases.productOrderingTest">
        <test-method is-config="true" signature="setUp()[pri:0, instance:com.shop.testcases.productOrderingTest@78e94dcf]" started-at="2021-04-19T09:05:50 IST" name="setUp" finished-at="2021-04-19T09:06:25 IST" duration-ms="35618" status="PASS">
          <reporter-output>
          </reporter-output>
        </test-method> <!-- setUp -->
        <test-method signature="OrderingSelection()[pri:0, instance:com.shop.testcases.productOrderingTest@78e94dcf]" started-at="2021-04-19T09:06:25 IST" name="OrderingSelection" finished-at="2021-04-19T09:06:51 IST" duration-ms="25380" status="PASS">
          <reporter-output>
          </reporter-output>
        </test-method> <!-- OrderingSelection -->
        <test-method is-config="true" signature="teardown()[pri:0, instance:com.shop.testcases.productOrderingTest@78e94dcf]" started-at="2021-04-19T09:06:51 IST" name="teardown" finished-at="2021-04-19T09:06:51 IST" duration-ms="212" status="PASS">
          <reporter-output>
          </reporter-output>
        </test-method> <!-- teardown -->
      </class> <!-- com.shop.testcases.productOrderingTest -->
    </test> <!-- Default test -->
  </suite> <!-- Default suite -->
</testng-results>
